<?xml version="1.0" encoding="UTF-8"?>
<testng-results ignored="0" total="1" passed="1" failed="0" skipped="0">
  <reporter-output>
  </reporter-output>
  <suite started-at="2021-10-22T15:25:36 BST" name="Surefire suite" finished-at="2021-10-22T15:25:36 BST" duration-ms="123">
    <groups>
    </groups>
    <test started-at="2021-10-22T15:25:36 BST" name="Surefire test" finished-at="2021-10-22T15:25:36 BST" duration-ms="123">
      <class name="Seleniumlearning.MavenJava.SeleniumTest">
        <test-method signature="secondSelTest()" started-at="2021-10-22T15:25:36 BST" name="secondSelTest" finished-at="2021-10-22T15:25:36 BST" duration-ms="25" status="PASS">
          <reporter-output>
          </reporter-output>
        </test-method> <!-- secondSelTest -->
      </class> <!-- Seleniumlearning.MavenJava.SeleniumTest -->
    </test> <!-- Surefire test -->
  </suite> <!-- Surefire suite -->
</testng-results>
